17-Jan-2026 20:39:02.764 INFO [main] org.apache.catalina.core.StandardEngine.startInternal Starting Servlet engine: [Apache Tomcat/9.0.100]
17-Jan-2026 20:39:02.775 INFO [main] org.apache.catalina.startup.HostConfig.deployWAR Deploying web application archive [/opt/apache-tomcat-9.0.100/webapps/zzyl-admin.war]
17-Jan-2026 20:39:05.572 INFO [main] org.apache.jasper.servlet.TldScanner.scanJars At least one JAR was scanned for TLDs yet contained no TLDs. Enable debug logging for this logger for a complete list of JARs that were scanned but no TLDs were found in them. Skipping unneeded JARs during scanning can improve startup time and JSP compilation time.
Application Version: 3.8.8
Spring Boot Version: 2.5.15
////////////////////////////////////////////////////////////////////
//                          _ooOoo_                               //
//                         o8888888o                              //
//                         88" . "88                              //
//                         (| ^_^ |)                              //
//                         O\  =  /O                              //
//                      ____/`---'\____                           //
//                    .'  \\|     |//  `.                         //
//                   /  \\|||  :  |||//  \                        //
//                  /  _||||| -:- |||||-  \                       //
//                  |   | \\\  -  /// |   |                       //
//                  | \_|  ''\---/''  |   |                       //
//                  \  .-\__  `-`  ___/-. /                       //
//                ___`. .'  /--.--\  `. . ___                     //
//              ."" '<  `.___\_<|>_/___.'  >'"".                  //
//            | | :  `- \`.;`\ _ /`;.`/ - ` : | |                 //
//            \  \ `-.   \_ __\ /__ _/   .-` /  /                 //
//      ========`-.____`-.___\_____/___.-`____.-'========         //
//                           `=---='                              //
//      ^^^^^^^^^^^^^^^^^^^^^^^^^^^^^^^^^^^^^^^^^^^^^^^^^^        //
//             佛祖保佑       永不宕机      永无BUG               //
////////////////////////////////////////////////////////////////////
20:39:06.150 [background-preinit] INFO  o.h.v.i.util.Version - [<clinit>,21] - HV000001: Hibernate Validator 6.2.5.Final
20:39:06.159 [main] INFO  c.z.RuoYiServletInitializer - [logStarting,55] - Starting RuoYiServletInitializer using Java 11.0.20.1 on node2.itcast.cn with PID 1696 (/opt/apache-tomcat-9.0.100/webapps/zzyl-admin/WEB-INF/classes started by root in /opt/apache-tomcat-9.0.100/bin)
20:39:06.160 [main] DEBUG c.z.RuoYiServletInitializer - [logStarting,56] - Running with Spring Boot v2.5.15, Spring v5.3.33
20:39:06.161 [main] INFO  c.z.RuoYiServletInitializer - [logStartupProfileInfo,686] - The following 1 profile is active: "prod"
20:39:09.081 [main] INFO  c.a.d.p.DruidDataSource - [init,1002] - {dataSource-1} inited
 _ _   |_  _ _|_. ___ _ |    _ 
| | |\/|_)(_| | |_\  |_)||_|_\ 
     /               |         
                        3.5.2 
20:39:09.664 [main] DEBUG c.z.s.m.S.selectConfigList - [debug,135] - ==>  Preparing: select config_id, config_name, config_key, config_value, config_type, create_by, create_time, update_by, update_time, remark from sys_config
20:39:09.795 [main] DEBUG c.z.s.m.S.selectConfigList - [debug,135] - ==> Parameters: 
20:39:09.813 [main] DEBUG c.z.s.m.S.selectConfigList - [debug,135] - <==      Total: 6
20:39:10.245 [main] INFO  c.z.o.c.OssAliyunAutoConfig - [ossClient,23] - -----------------开始创建OSSClient--------------------
20:39:11.057 [main] INFO  c.z.o.c.OssAliyunAutoConfig - [ossClient,43] - -----------------结束创建OSSClient--------------------
20:39:11.208 [main] DEBUG c.z.s.m.S.selectDictDataList - [debug,135] - ==>  Preparing: select dict_code, dict_sort, dict_label, dict_value, dict_type, css_class, list_class, is_default, status, create_by, create_time, remark from sys_dict_data WHERE status = ? order by dict_sort asc
20:39:11.216 [main] DEBUG c.z.s.m.S.selectDictDataList - [debug,135] - ==> Parameters: 0(String)
20:39:11.395 [main] DEBUG c.z.s.m.S.selectDictDataList - [debug,135] - <==      Total: 39
20:39:12.241 [main] INFO  o.q.i.StdSchedulerFactory - [instantiate,1220] - Using default implementation for ThreadExecutor
20:39:12.275 [main] INFO  o.q.c.SchedulerSignalerImpl - [<init>,61] - Initialized Scheduler Signaller of type: class org.quartz.core.SchedulerSignalerImpl
20:39:12.275 [main] INFO  o.q.c.QuartzScheduler - [<init>,229] - Quartz Scheduler v.2.3.2 created.
20:39:12.276 [main] INFO  o.q.s.RAMJobStore - [initialize,155] - RAMJobStore initialized.
20:39:12.277 [main] INFO  o.q.c.QuartzScheduler - [initialize,294] - Scheduler meta-data: Quartz Scheduler (v2.3.2) 'quartzScheduler' with instanceId 'NON_CLUSTERED'
  Scheduler class: 'org.quartz.core.QuartzScheduler' - running locally.
  NOT STARTED.
  Currently in standby mode.
  Number of jobs executed: 0
  Using thread pool 'org.quartz.simpl.SimpleThreadPool' - with 10 threads.
  Using job-store 'org.quartz.simpl.RAMJobStore' - which does not support persistence. and is not clustered.

20:39:12.277 [main] INFO  o.q.i.StdSchedulerFactory - [instantiate,1374] - Quartz scheduler 'quartzScheduler' initialized from an externally provided properties instance.
20:39:12.277 [main] INFO  o.q.i.StdSchedulerFactory - [instantiate,1378] - Quartz scheduler version: 2.3.2
20:39:12.277 [main] INFO  o.q.c.QuartzScheduler - [setJobFactory,2293] - JobFactory set to: org.springframework.scheduling.quartz.SpringBeanJobFactory@30bb788c
20:39:12.297 [main] DEBUG c.z.q.m.S.selectJobAll - [debug,135] - ==>  Preparing: select job_id, job_name, job_group, invoke_target, cron_expression, misfire_policy, concurrent, status, create_by, create_time, remark from sys_job
20:39:12.298 [main] DEBUG c.z.q.m.S.selectJobAll - [debug,135] - ==> Parameters: 
20:39:12.302 [main] DEBUG c.z.q.m.S.selectJobAll - [debug,135] - <==      Total: 6
20:39:14.337 [main] INFO  o.q.c.QuartzScheduler - [start,547] - Scheduler quartzScheduler_$_NON_CLUSTERED started.
20:39:14.350 [main] INFO  c.z.RuoYiServletInitializer - [logStarted,61] - Started RuoYiServletInitializer in 8.586 seconds (JVM running for 12.068)
20:39:14.367 [main] DEBUG c.z.f.s.f.JwtAuthenticationTokenFilter - [init,242] - Filter 'jwtAuthenticationTokenFilter' configured for use
17-Jan-2026 20:39:14.393 INFO [main] org.apache.catalina.startup.HostConfig.deployWAR Deployment of web application archive [/opt/apache-tomcat-9.0.100/webapps/zzyl-admin.war] has finished in [11,615] ms
17-Jan-2026 20:39:14.394 INFO [main] org.apache.catalina.startup.HostConfig.deployDirectory Deploying web application directory [/opt/apache-tomcat-9.0.100/webapps/ROOT]
17-Jan-2026 20:39:14.403 INFO [main] org.apache.catalina.startup.HostConfig.deployDirectory Deployment of web application directory [/opt/apache-tomcat-9.0.100/webapps/ROOT] has finished in [9] ms
17-Jan-2026 20:39:14.404 INFO [main] org.apache.catalina.startup.HostConfig.deployDirectory Deploying web application directory [/opt/apache-tomcat-9.0.100/webapps/docs]
17-Jan-2026 20:39:14.416 INFO [main] org.apache.catalina.startup.HostConfig.deployDirectory Deployment of web application directory [/opt/apache-tomcat-9.0.100/webapps/docs] has finished in [13] ms
17-Jan-2026 20:39:14.416 INFO [main] org.apache.catalina.startup.HostConfig.deployDirectory Deploying web application directory [/opt/apache-tomcat-9.0.100/webapps/examples]
17-Jan-2026 20:39:14.506 INFO [main] org.apache.catalina.startup.HostConfig.deployDirectory Deployment of web application directory [/opt/apache-tomcat-9.0.100/webapps/examples] has finished in [90] ms
17-Jan-2026 20:39:14.506 INFO [main] org.apache.catalina.startup.HostConfig.deployDirectory Deploying web application directory [/opt/apache-tomcat-9.0.100/webapps/host-manager]
17-Jan-2026 20:39:14.521 INFO [main] org.apache.catalina.startup.HostConfig.deployDirectory Deployment of web application directory [/opt/apache-tomcat-9.0.100/webapps/host-manager] has finished in [15] ms
17-Jan-2026 20:39:14.521 INFO [main] org.apache.catalina.startup.HostConfig.deployDirectory Deploying web application directory [/opt/apache-tomcat-9.0.100/webapps/manager]
17-Jan-2026 20:39:14.534 INFO [main] org.apache.catalina.startup.HostConfig.deployDirectory Deployment of web application directory [/opt/apache-tomcat-9.0.100/webapps/manager] has finished in [13] ms
17-Jan-2026 20:39:14.538 INFO [main] org.apache.coyote.AbstractProtocol.start Starting ProtocolHandler ["http-nio-8080"]
17-Jan-2026 20:39:14.547 INFO [main] org.apache.catalina.startup.Catalina.start Server startup in [11819] milliseconds
20:39:29.227 [http-nio-8080-exec-2] DEBUG c.z.s.m.S.selectConfig - [debug,135] - ==>  Preparing: select config_id, config_name, config_key, config_value, config_type, create_by, create_time, update_by, update_time, remark from sys_config WHERE config_key = ?
20:39:29.228 [http-nio-8080-exec-2] DEBUG c.z.s.m.S.selectConfig - [debug,135] - ==> Parameters: sys.login.blackIPList(String)
20:39:29.230 [http-nio-8080-exec-2] DEBUG c.z.s.m.S.selectConfig - [debug,135] - <==      Total: 1
20:39:29.303 [http-nio-8080-exec-2] DEBUG c.z.s.m.S.selectUserByUserName - [debug,135] - ==>  Preparing: select u.user_id, u.dept_id, u.user_name, u.nick_name, u.email, u.avatar, u.phonenumber, u.password, u.sex, u.status, u.del_flag, u.login_ip, u.login_date, u.create_by, u.create_time, u.remark, d.dept_id, d.parent_id, d.ancestors, d.dept_name, d.order_num, d.leader, d.status as dept_status, r.role_id, r.role_name, r.role_key, r.role_sort, r.data_scope, r.status as role_status from sys_user u left join sys_dept d on u.dept_id = d.dept_id left join sys_user_role ur on u.user_id = ur.user_id left join sys_role r on r.role_id = ur.role_id where u.user_name = ? and u.del_flag = '0'
20:39:29.308 [http-nio-8080-exec-2] DEBUG c.z.s.m.S.selectUserByUserName - [debug,135] - ==> Parameters: admin(String)
20:39:29.332 [http-nio-8080-exec-2] DEBUG c.z.s.m.S.selectUserByUserName - [debug,135] - <==      Total: 1
20:39:29.525 [schedule-pool-1] INFO  sys-user - [run,55] - [192.168.88.103]内网IP[admin][Success][登录成功]
20:39:29.541 [schedule-pool-1] DEBUG c.z.s.m.S.insertLogininfor - [debug,135] - ==>  Preparing: insert into sys_logininfor (user_name, status, ipaddr, login_location, browser, os, msg, login_time) values (?, ?, ?, ?, ?, ?, ?, sysdate())
20:39:29.568 [http-nio-8080-exec-2] DEBUG c.z.s.m.S.updateUser - [debug,135] - ==>  Preparing: update sys_user SET login_ip = ?, login_date = ?, update_time = sysdate() where user_id = ?
20:39:29.570 [http-nio-8080-exec-2] DEBUG c.z.s.m.S.updateUser - [debug,135] - ==> Parameters: 192.168.88.103(String), 2026-01-17 20:39:29.525(Timestamp), 1(Long)
20:39:29.610 [http-nio-8080-exec-2] DEBUG c.z.s.m.S.updateUser - [debug,135] - <==    Updates: 1
20:39:29.631 [schedule-pool-1] DEBUG c.z.s.m.S.insertLogininfor - [debug,135] - ==> Parameters: admin(String), 0(String), 192.168.88.103(String), 内网IP(String), Chrome 14(String), Windows 10(String), 登录成功(String)
20:39:29.651 [schedule-pool-1] DEBUG c.z.s.m.S.insertLogininfor - [debug,135] - <==    Updates: 1
20:39:29.809 [http-nio-8080-exec-4] DEBUG c.z.s.m.S.selectMenuTreeAll - [debug,135] - ==>  Preparing: select distinct m.menu_id, m.parent_id, m.menu_name, m.path, m.component, m.`query`, m.route_name, m.visible, m.status, ifnull(m.perms,'') as perms, m.is_frame, m.is_cache, m.menu_type, m.icon, m.order_num, m.create_time from sys_menu m where m.menu_type in ('M', 'C') and m.status = 0 order by m.parent_id, m.order_num
20:39:29.811 [http-nio-8080-exec-4] DEBUG c.z.s.m.S.selectMenuTreeAll - [debug,135] - ==> Parameters: 
20:39:29.840 [http-nio-8080-exec-4] DEBUG c.z.s.m.S.selectMenuTreeAll - [debug,135] - <==      Total: 51
20:39:30.283 [http-nio-8080-exec-5] DEBUG c.z.s.m.S.selectRolesByUserName - [debug,135] - ==>  Preparing: select distinct r.role_id, r.role_name, r.role_key, r.role_sort, r.data_scope, r.menu_check_strictly, r.dept_check_strictly, r.status, r.del_flag, r.create_time, r.remark from sys_role r left join sys_user_role ur on ur.role_id = r.role_id left join sys_user u on u.user_id = ur.user_id left join sys_dept d on u.dept_id = d.dept_id WHERE r.del_flag = '0' and u.user_name = ?
20:39:30.284 [http-nio-8080-exec-5] DEBUG c.z.s.m.S.selectRolesByUserName - [debug,135] - ==> Parameters: admin(String)
20:39:30.301 [http-nio-8080-exec-5] DEBUG c.z.s.m.S.selectRolesByUserName - [debug,135] - <==      Total: 1
20:39:30.305 [http-nio-8080-exec-5] DEBUG c.z.s.m.S.selectPostsByUserName - [debug,135] - ==>  Preparing: select p.post_id, p.post_name, p.post_code from sys_post p left join sys_user_post up on up.post_id = p.post_id left join sys_user u on u.user_id = up.user_id where u.user_name = ?
20:39:30.307 [http-nio-8080-exec-5] DEBUG c.z.s.m.S.selectPostsByUserName - [debug,135] - ==> Parameters: admin(String)
20:39:30.312 [http-nio-8080-exec-5] DEBUG c.z.s.m.S.selectPostsByUserName - [debug,135] - <==      Total: 1
